<?xml version="1.0" encoding="UTF-8"?>
<!-- Generated by org.testng.reporters.JUnitXMLReporter -->
<testsuite ignored="0" hostname="SHASHWATA-WIN-10" failures="1" tests="3" name="Surefire test" time="63.836" errors="0" timestamp="2023-05-04T17:39:27 IST">
  <testcase classname="io.cucumber.testng.AbstractTestNGCucumberTests" name="runScenario" time="32.466">
    <failure type="java.lang.AssertionError" message="null">
      <![CDATA[java.lang.AssertionError: null
at stepDefinitions.HotelPayment.reviewPrice(HotelPayment.java:81)
at ✽.The same amount should show in the booking review page and payments page(file:///C:/Users/Shashwat%20Aryan/eclipse-workspace/MMT/src/test/resources/Payment.feature:11)
... Removed 2 stack frames]]>
    </failure>
  </testcase> <!-- runScenario -->
  <testcase classname="io.cucumber.testng.AbstractTestNGCucumberTests" name="runScenario" time="14.032"/>
  <testcase classname="io.cucumber.testng.AbstractTestNGCucumberTests" name="runScenario" time="15.9"/>
</testsuite> <!-- Surefire test -->
