<?xml version="1.0" encoding="UTF-8"?>
<testsuite xmlns:xsi="http://www.w3.org/2001/XMLSchema-instance" xsi:noNamespaceSchemaLocation="https://maven.apache.org/surefire/maven-surefire-plugin/xsd/surefire-test-report-3.0.xsd" version="3.0" name="testRunner.runnerTest" time="64.999" tests="3" errors="0" skipped="0" failures="1">
  <properties>
[...]
</properties>
  <testcase name="runScenario[&quot;Validate the final amount paid&quot;, &quot;Validate Filter and Final Amount&quot;](1)" classname="testRunner.runnerTest" time="32.488">
    <failure message="null" type="java.lang.AssertionError"><![CDATA[java.lang.AssertionError: null
	at org.testng.Assert.fail(Assert.java:110)
	at org.testng.Assert.fail(Assert.java:115)
	at stepDefinitions.HotelPayment.reviewPrice(HotelPayment.java:81)
	at ✽.The same amount should show in the booking review page and payments page(file:///C:/Users/Shashwat%20Aryan/eclipse-workspace/MMT/src/test/resources/Payment.feature:11)
]]></failure>
    <system-out><![CDATA[
@SmokeTest
Scenario: Validate the final amount paid                                        &amp#27;[90m# src/test/resources/Payment.feature:8&amp#27;[0m
  &amp#27;[32mGiven &amp#27;[0m&amp#27;[32mUser opens MMT&amp#27;[0m                                                          &amp#27;[90m# stepDefinitions.Commons.openMMTWebSite()&amp#27;[0m
2
JULY2023
June2023
July2023
Text:2
2
3
JULY2023
Text:3
5
  &amp#27;[32mAnd &amp#27;[0m&amp#27;[32mSearch for hotel &amp#27;[0m&amp#27;[32m&amp#27;[1m"Goa"&amp#27;[0m                                                    &amp#27;[90m# stepDefinitions.Commons.hotelSearch(java.lang.String)&amp#27;[0m
4499
  &amp#27;[32mWhen &amp#27;[0m&amp#27;[32mUser select the hotel from search results&amp#27;[0m                                &amp#27;[90m# stepDefinitions.HotelPayment.bookHotel()&amp#27;[0m
13497
  &amp#27;[31mThen &amp#27;[0m&amp#27;[31mThe same amount should show in the booking review page and payments page&amp#27;[0m &amp#27;[90m# stepDefinitions.HotelPayment.reviewPrice()&amp#27;[0m
      &amp#27;[31mjava.lang.AssertionError: null
	at org.testng.Assert.fail(Assert.java:110)
	at org.testng.Assert.fail(Assert.java:115)
	at stepDefinitions.HotelPayment.reviewPrice(HotelPayment.java:81)
	at ✽.The same amount should show in the booking review page and payments page(file:///C:/Users/Shashwat%20Aryan/eclipse-workspace/MMT/src/test/resources/Payment.feature:11)
&amp#27;[0m
]]></system-out>
    <system-err><![CDATA[SLF4J: Failed to load class "org.slf4j.impl.StaticLoggerBinder".
SLF4J: Defaulting to no-operation (NOP) logger implementation
SLF4J: See http://www.slf4j.org/codes.html#StaticLoggerBinder for further details.
Starting ChromeDriver 112.0.5615.49 (bd2a7bcb881c11e8cfe3078709382934e3916914-refs/branch-heads/5615@{#936}) on port 38502
Only local connections are allowed.
Please see https://chromedriver.chromium.org/security-considerations for suggestions on keeping ChromeDriver safe.
ChromeDriver was started successfully.
May 04, 2023 5:38:29 PM org.openqa.selenium.devtools.CdpVersionFinder findNearestMatch
WARNING: Unable to find an exact match for CDP version 112, so returning the closest version found: 111
]]></system-err>
  </testcase>
  <testcase name="runScenario[&quot;Login to MMT with valid credentials&quot;, &quot;Login to MMT&quot;](2)" classname="testRunner.runnerTest" time="13.999">
    <system-out><![CDATA[
@SmokeTest
Scenario Outline: Login to MMT with valid credentials                 &amp#27;[90m# src/test/resources/SignIn.feature:12&amp#27;[0m
  &amp#27;[32mGiven &amp#27;[0m&amp#27;[32mUser opens MMT&amp#27;[0m                                                &amp#27;[90m# stepDefinitions.Commons.openMMTWebSite()&amp#27;[0m
  &amp#27;[32mWhen &amp#27;[0m&amp#27;[32mUser Enters &amp#27;[0m&amp#27;[32m&amp#27;[1mshashwat.aryan5@gmail.com&amp#27;[0m&amp#27;[32m and &amp#27;[0m&amp#27;[32m&amp#27;[1mAryan123&amp#27;[0m&amp#27;[32m and logs in&amp#27;[0m &amp#27;[90m# stepDefinitions.MMTSignIn.enterEmailpassword(java.lang.String,java.lang.String)&amp#27;[0m
  &amp#27;[32mThen &amp#27;[0m&amp#27;[32mUser is logged into his account&amp#27;[0m                                &amp#27;[90m# stepDefinitions.MMTSignIn.verifyAccount()&amp#27;[0m
]]></system-out>
    <system-err><![CDATA[Starting ChromeDriver 112.0.5615.49 (bd2a7bcb881c11e8cfe3078709382934e3916914-refs/branch-heads/5615@{#936}) on port 39748
Only local connections are allowed.
Please see https://chromedriver.chromium.org/security-considerations for suggestions on keeping ChromeDriver safe.
ChromeDriver was started successfully.
May 04, 2023 5:38:58 PM org.openqa.selenium.devtools.CdpVersionFinder findNearestMatch
WARNING: Unable to find an exact match for CDP version 112, so returning the closest version found: 111
]]></system-err>
  </testcase>
  <testcase name="runScenario[&quot;Login to MMT with valid credentials&quot;, &quot;Login to MMT&quot;](3)" classname="testRunner.runnerTest" time="15.875">
    <system-out><![CDATA[
@SmokeTest
Scenario Outline: Login to MMT with valid credentials          &amp#27;[90m# src/test/resources/SignIn.feature:13&amp#27;[0m
  &amp#27;[32mGiven &amp#27;[0m&amp#27;[32mUser opens MMT&amp#27;[0m                                         &amp#27;[90m# stepDefinitions.Commons.openMMTWebSite()&amp#27;[0m
  &amp#27;[32mWhen &amp#27;[0m&amp#27;[32mUser Enters &amp#27;[0m&amp#27;[32m&amp#27;[1mtest123@yopmail.com&amp#27;[0m&amp#27;[32m and &amp#27;[0m&amp#27;[32m&amp#27;[1mIshu123&amp#27;[0m&amp#27;[32m and logs in&amp#27;[0m &amp#27;[90m# stepDefinitions.MMTSignIn.enterEmailpassword(java.lang.String,java.lang.String)&amp#27;[0m
  &amp#27;[32mThen &amp#27;[0m&amp#27;[32mUser is logged into his account&amp#27;[0m                         &amp#27;[90m# stepDefinitions.MMTSignIn.verifyAccount()&amp#27;[0m
]]></system-out>
    <system-err><![CDATA[Starting ChromeDriver 112.0.5615.49 (bd2a7bcb881c11e8cfe3078709382934e3916914-refs/branch-heads/5615@{#936}) on port 24528
Only local connections are allowed.
Please see https://chromedriver.chromium.org/security-considerations for suggestions on keeping ChromeDriver safe.
ChromeDriver was started successfully.
May 04, 2023 5:39:12 PM org.openqa.selenium.devtools.CdpVersionFinder findNearestMatch
WARNING: Unable to find an exact match for CDP version 112, so returning the closest version found: 111
]]></system-err>
  </testcase>
</testsuite>