<?xml version="1.0" encoding="UTF-8"?>
<testng-results ignored="0" total="3" passed="2" failed="1" skipped="0">
  <reporter-output>
  </reporter-output>
  <suite started-at="2023-05-04T17:38:23 IST" name="Surefire suite" finished-at="2023-05-04T17:39:27 IST" duration-ms="63836">
    <groups>
      <group name="cucumber">
        <method signature="AbstractTestNGCucumberTests.runScenario(io.cucumber.testng.PickleWrapper,io.cucumber.testng.FeatureWrapper)[pri:0, instance:testRunner.runnerTest@6580cfdd]" name="runScenario" class="io.cucumber.testng.AbstractTestNGCucumberTests"/>
      </group> <!-- cucumber -->
    </groups>
    <test started-at="2023-05-04T17:38:23 IST" name="Surefire test" finished-at="2023-05-04T17:39:27 IST" duration-ms="63836">
      <class name="testRunner.runnerTest">
        <test-method is-config="true" signature="setUpClass(org.testng.ITestContext)[pri:0, instance:testRunner.runnerTest@6580cfdd]" started-at="2023-05-04T17:38:23 IST" name="setUpClass" finished-at="2023-05-04T17:38:24 IST" duration-ms="665" status="PASS">
          <params>
            <param index="0">
              <value>
                <![CDATA[org.testng.TestRunner@2c06b113]]>
              </value>
            </param>
          </params>
          <reporter-output>
          </reporter-output>
        </test-method> <!-- setUpClass -->
        <test-method signature="runScenario(io.cucumber.testng.PickleWrapper,io.cucumber.testng.FeatureWrapper)[pri:0, instance:testRunner.runnerTest@6580cfdd]" started-at="2023-05-04T17:38:24 IST" name="runScenario" description="Runs Cucumber Scenarios" data-provider="scenarios" finished-at="2023-05-04T17:38:57 IST" duration-ms="32466" status="FAIL">
          <params>
            <param index="0">
              <value>
                <![CDATA["Validate the final amount paid"]]>
              </value>
            </param>
            <param index="1">
              <value>
                <![CDATA["Validate Filter and Final Amount"]]>
              </value>
            </param>
          </params>
          <exception class="java.lang.AssertionError">
            <message>
              <![CDATA[null]]>
            </message>
            <full-stacktrace>
              <![CDATA[java.lang.AssertionError: null
at org.testng.Assert.fail(Assert.java:110)
at org.testng.Assert.fail(Assert.java:115)
at stepDefinitions.HotelPayment.reviewPrice(HotelPayment.java:81)
at ✽.The same amount should show in the booking review page and payments page(file:///C:/Users/Shashwat%20Aryan/eclipse-workspace/MMT/src/test/resources/Payment.feature:11)
]]>
            </full-stacktrace>
          </exception> <!-- java.lang.AssertionError -->
          <reporter-output>
          </reporter-output>
        </test-method> <!-- runScenario -->
        <test-method signature="runScenario(io.cucumber.testng.PickleWrapper,io.cucumber.testng.FeatureWrapper)[pri:0, instance:testRunner.runnerTest@6580cfdd]" started-at="2023-05-04T17:38:57 IST" name="runScenario" description="Runs Cucumber Scenarios" data-provider="scenarios" finished-at="2023-05-04T17:39:11 IST" duration-ms="14032" status="PASS">
          <params>
            <param index="0">
              <value>
                <![CDATA["Login to MMT with valid credentials"]]>
              </value>
            </param>
            <param index="1">
              <value>
                <![CDATA["Login to MMT"]]>
              </value>
            </param>
          </params>
          <reporter-output>
          </reporter-output>
        </test-method> <!-- runScenario -->
        <test-method signature="runScenario(io.cucumber.testng.PickleWrapper,io.cucumber.testng.FeatureWrapper)[pri:0, instance:testRunner.runnerTest@6580cfdd]" started-at="2023-05-04T17:39:11 IST" name="runScenario" description="Runs Cucumber Scenarios" data-provider="scenarios" finished-at="2023-05-04T17:39:27 IST" duration-ms="15900" status="PASS">
          <params>
            <param index="0">
              <value>
                <![CDATA["Login to MMT with valid credentials"]]>
              </value>
            </param>
            <param index="1">
              <value>
                <![CDATA["Login to MMT"]]>
              </value>
            </param>
          </params>
          <reporter-output>
          </reporter-output>
        </test-method> <!-- runScenario -->
        <test-method is-config="true" signature="tearDownClass()[pri:0, instance:testRunner.runnerTest@6580cfdd]" started-at="2023-05-04T17:39:27 IST" name="tearDownClass" finished-at="2023-05-04T17:39:27 IST" duration-ms="715" status="PASS">
          <reporter-output>
          </reporter-output>
        </test-method> <!-- tearDownClass -->
      </class> <!-- testRunner.runnerTest -->
    </test> <!-- Surefire test -->
  </suite> <!-- Surefire suite -->
</testng-results>
