<?xml version="1.0" encoding="UTF-8"?>
<testng-results ignored="0" total="6" passed="4" failed="2" skipped="0">
  <reporter-output>
  </reporter-output>
  <suite started-at="2023-05-24T08:02:19 IST" name="Default suite" finished-at="2023-05-24T08:05:21 IST" duration-ms="181288">
    <groups>
      <group name="cucumber">
        <method signature="AbstractTestNGCucumberTests.runScenario(io.cucumber.testng.PickleWrapper,io.cucumber.testng.FeatureWrapper)[pri:0, instance:testRunner.runnerTest@5bda8e08]" name="runScenario" class="io.cucumber.testng.AbstractTestNGCucumberTests"/>
      </group> <!-- cucumber -->
    </groups>
    <test started-at="2023-05-24T08:02:19 IST" name="Default test" finished-at="2023-05-24T08:05:21 IST" duration-ms="181288">
      <class name="testRunner.runnerTest">
        <test-method is-config="true" signature="setUpClass(org.testng.ITestContext)[pri:0, instance:testRunner.runnerTest@5bda8e08]" started-at="2023-05-24T08:02:19 IST" name="setUpClass" finished-at="2023-05-24T08:02:20 IST" duration-ms="729" status="PASS">
          <params>
            <param index="0">
              <value>
                <![CDATA[org.testng.TestRunner@615bad16]]>
              </value>
            </param>
          </params>
          <reporter-output>
          </reporter-output>
        </test-method> <!-- setUpClass -->
        <test-method signature="runScenario(io.cucumber.testng.PickleWrapper,io.cucumber.testng.FeatureWrapper)[pri:0, instance:testRunner.runnerTest@5bda8e08]" started-at="2023-05-24T08:02:20 IST" name="runScenario" description="Runs Cucumber Scenarios" data-provider="scenarios" finished-at="2023-05-24T08:03:10 IST" duration-ms="50263" status="FAIL">
          <params>
            <param index="0">
              <value>
                <![CDATA["Validate the final amount paid for Hotel"]]>
              </value>
            </param>
            <param index="1">
              <value>
                <![CDATA["Validate Filter and Final Amount"]]>
              </value>
            </param>
          </params>
          <exception class="java.lang.AssertionError">
            <message>
              <![CDATA[null]]>
            </message>
            <full-stacktrace>
              <![CDATA[java.lang.AssertionError: null
at org.testng.Assert.fail(Assert.java:110)
at org.testng.Assert.fail(Assert.java:115)
at utilities.Hooks.afterScenario(Hooks.java:38)
]]>
            </full-stacktrace>
          </exception> <!-- java.lang.AssertionError -->
          <reporter-output>
          </reporter-output>
        </test-method> <!-- runScenario -->
        <test-method signature="runScenario(io.cucumber.testng.PickleWrapper,io.cucumber.testng.FeatureWrapper)[pri:0, instance:testRunner.runnerTest@5bda8e08]" started-at="2023-05-24T08:03:10 IST" name="runScenario" description="Runs Cucumber Scenarios" data-provider="scenarios" finished-at="2023-05-24T08:03:40 IST" duration-ms="29447" status="PASS">
          <params>
            <param index="0">
              <value>
                <![CDATA["Validate the filter applied on Hotel"]]>
              </value>
            </param>
            <param index="1">
              <value>
                <![CDATA["Validate Filter and Final Amount"]]>
              </value>
            </param>
          </params>
          <reporter-output>
          </reporter-output>
        </test-method> <!-- runScenario -->
        <test-method signature="runScenario(io.cucumber.testng.PickleWrapper,io.cucumber.testng.FeatureWrapper)[pri:0, instance:testRunner.runnerTest@5bda8e08]" started-at="2023-05-24T08:03:40 IST" name="runScenario" description="Runs Cucumber Scenarios" data-provider="scenarios" finished-at="2023-05-24T08:04:14 IST" duration-ms="34461" status="FAIL">
          <params>
            <param index="0">
              <value>
                <![CDATA["Register to MMT to list your own hotel"]]>
              </value>
            </param>
            <param index="1">
              <value>
                <![CDATA["Register to MMT"]]>
              </value>
            </param>
          </params>
          <exception class="java.lang.AssertionError">
            <message>
              <![CDATA[null]]>
            </message>
            <full-stacktrace>
              <![CDATA[java.lang.AssertionError: null
at org.testng.Assert.fail(Assert.java:110)
at org.testng.Assert.fail(Assert.java:115)
at utilities.Hooks.afterScenario(Hooks.java:38)
]]>
            </full-stacktrace>
          </exception> <!-- java.lang.AssertionError -->
          <reporter-output>
          </reporter-output>
        </test-method> <!-- runScenario -->
        <test-method signature="runScenario(io.cucumber.testng.PickleWrapper,io.cucumber.testng.FeatureWrapper)[pri:0, instance:testRunner.runnerTest@5bda8e08]" started-at="2023-05-24T08:04:14 IST" name="runScenario" description="Runs Cucumber Scenarios" data-provider="scenarios" finished-at="2023-05-24T08:04:31 IST" duration-ms="16895" status="PASS">
          <params>
            <param index="0">
              <value>
                <![CDATA["Login to MMT with valid credentials"]]>
              </value>
            </param>
            <param index="1">
              <value>
                <![CDATA["Login to MMT"]]>
              </value>
            </param>
          </params>
          <reporter-output>
          </reporter-output>
        </test-method> <!-- runScenario -->
        <test-method signature="runScenario(io.cucumber.testng.PickleWrapper,io.cucumber.testng.FeatureWrapper)[pri:0, instance:testRunner.runnerTest@5bda8e08]" started-at="2023-05-24T08:04:31 IST" name="runScenario" description="Runs Cucumber Scenarios" data-provider="scenarios" finished-at="2023-05-24T08:04:46 IST" duration-ms="14547" status="PASS">
          <params>
            <param index="0">
              <value>
                <![CDATA["Login to MMT with valid credentials"]]>
              </value>
            </param>
            <param index="1">
              <value>
                <![CDATA["Login to MMT"]]>
              </value>
            </param>
          </params>
          <reporter-output>
          </reporter-output>
        </test-method> <!-- runScenario -->
        <test-method signature="runScenario(io.cucumber.testng.PickleWrapper,io.cucumber.testng.FeatureWrapper)[pri:0, instance:testRunner.runnerTest@5bda8e08]" started-at="2023-05-24T08:04:46 IST" name="runScenario" description="Runs Cucumber Scenarios" data-provider="scenarios" finished-at="2023-05-24T08:05:20 IST" duration-ms="34386" status="PASS">
          <params>
            <param index="0">
              <value>
                <![CDATA["Open and check MMT twitter and facebook"]]>
              </value>
            </param>
            <param index="1">
              <value>
                <![CDATA["Verify MMT Social Media Sites"]]>
              </value>
            </param>
          </params>
          <reporter-output>
          </reporter-output>
        </test-method> <!-- runScenario -->
        <test-method is-config="true" signature="tearDownClass()[pri:0, instance:testRunner.runnerTest@5bda8e08]" started-at="2023-05-24T08:05:20 IST" name="tearDownClass" finished-at="2023-05-24T08:05:21 IST" duration-ms="469" status="PASS">
          <reporter-output>
          </reporter-output>
        </test-method> <!-- tearDownClass -->
      </class> <!-- testRunner.runnerTest -->
    </test> <!-- Default test -->
  </suite> <!-- Default suite -->
</testng-results>
