<?xml version="1.0" encoding="UTF-8"?>
<testng-results ignored="0" total="6" passed="4" failed="2" skipped="0">
  <reporter-output>
  </reporter-output>
  <suite started-at="2023-05-17T15:00:30 IST" name="Default suite" finished-at="2023-05-17T15:04:01 IST" duration-ms="210975">
    <groups>
      <group name="cucumber">
        <method signature="AbstractTestNGCucumberTests.runScenario(io.cucumber.testng.PickleWrapper,io.cucumber.testng.FeatureWrapper)[pri:0, instance:testRunner.runnerTest@5bda8e08]" name="runScenario" class="io.cucumber.testng.AbstractTestNGCucumberTests"/>
      </group> <!-- cucumber -->
    </groups>
    <test started-at="2023-05-17T15:00:30 IST" name="Default test" finished-at="2023-05-17T15:04:01 IST" duration-ms="210975">
      <class name="testRunner.runnerTest">
        <test-method is-config="true" signature="setUpClass(org.testng.ITestContext)[pri:0, instance:testRunner.runnerTest@5bda8e08]" started-at="2023-05-17T15:00:30 IST" name="setUpClass" finished-at="2023-05-17T15:00:31 IST" duration-ms="1108" status="PASS">
          <params>
            <param index="0">
              <value>
                <![CDATA[org.testng.TestRunner@5e62ca19]]>
              </value>
            </param>
          </params>
          <reporter-output>
          </reporter-output>
        </test-method> <!-- setUpClass -->
        <test-method signature="runScenario(io.cucumber.testng.PickleWrapper,io.cucumber.testng.FeatureWrapper)[pri:0, instance:testRunner.runnerTest@5bda8e08]" started-at="2023-05-17T15:00:31 IST" name="runScenario" description="Runs Cucumber Scenarios" data-provider="scenarios" finished-at="2023-05-17T15:01:22 IST" duration-ms="50935" status="FAIL">
          <params>
            <param index="0">
              <value>
                <![CDATA["Validate the final amount paid"]]>
              </value>
            </param>
            <param index="1">
              <value>
                <![CDATA["Validate Filter and Final Amount"]]>
              </value>
            </param>
          </params>
          <exception class="java.lang.AssertionError">
            <message>
              <![CDATA[null]]>
            </message>
            <full-stacktrace>
              <![CDATA[java.lang.AssertionError: null
at org.testng.Assert.fail(Assert.java:110)
at org.testng.Assert.fail(Assert.java:115)
at stepDefinitions.HotelPayment.reviewPrice(HotelPayment.java:67)
at ✽.The same amount should show in the booking review page and payments page(file:///C:/Users/Shashwat%20Aryan/eclipse-workspace/MMT/src/test/resources/Payment.feature:11)
]]>
            </full-stacktrace>
          </exception> <!-- java.lang.AssertionError -->
          <reporter-output>
          </reporter-output>
        </test-method> <!-- runScenario -->
        <test-method signature="runScenario(io.cucumber.testng.PickleWrapper,io.cucumber.testng.FeatureWrapper)[pri:0, instance:testRunner.runnerTest@5bda8e08]" started-at="2023-05-17T15:01:22 IST" name="runScenario" description="Runs Cucumber Scenarios" data-provider="scenarios" finished-at="2023-05-17T15:02:01 IST" duration-ms="38558" status="PASS">
          <params>
            <param index="0">
              <value>
                <![CDATA["Validate the filter applied"]]>
              </value>
            </param>
            <param index="1">
              <value>
                <![CDATA["Validate Filter and Final Amount"]]>
              </value>
            </param>
          </params>
          <reporter-output>
          </reporter-output>
        </test-method> <!-- runScenario -->
        <test-method signature="runScenario(io.cucumber.testng.PickleWrapper,io.cucumber.testng.FeatureWrapper)[pri:0, instance:testRunner.runnerTest@5bda8e08]" started-at="2023-05-17T15:02:01 IST" name="runScenario" description="Runs Cucumber Scenarios" data-provider="scenarios" finished-at="2023-05-17T15:02:34 IST" duration-ms="33236" status="FAIL">
          <params>
            <param index="0">
              <value>
                <![CDATA["Register to MMT to list your own hotel"]]>
              </value>
            </param>
            <param index="1">
              <value>
                <![CDATA["Register to MMT"]]>
              </value>
            </param>
          </params>
          <exception class="java.lang.AssertionError">
            <message>
              <![CDATA[null]]>
            </message>
            <full-stacktrace>
              <![CDATA[java.lang.AssertionError: null
at org.testng.Assert.fail(Assert.java:110)
at org.testng.Assert.fail(Assert.java:115)
at stepDefinitions.ListUserHotel.verifyRegistration(ListUserHotel.java:84)
at ✽.A link to the registered email id is sent(file:///C:/Users/Shashwat%20Aryan/eclipse-workspace/MMT/src/test/resources/Register.feature:9)
]]>
            </full-stacktrace>
          </exception> <!-- java.lang.AssertionError -->
          <reporter-output>
          </reporter-output>
        </test-method> <!-- runScenario -->
        <test-method signature="runScenario(io.cucumber.testng.PickleWrapper,io.cucumber.testng.FeatureWrapper)[pri:0, instance:testRunner.runnerTest@5bda8e08]" started-at="2023-05-17T15:02:34 IST" name="runScenario" description="Runs Cucumber Scenarios" data-provider="scenarios" finished-at="2023-05-17T15:03:01 IST" duration-ms="27023" status="PASS">
          <params>
            <param index="0">
              <value>
                <![CDATA["Login to MMT with valid credentials"]]>
              </value>
            </param>
            <param index="1">
              <value>
                <![CDATA["Login to MMT"]]>
              </value>
            </param>
          </params>
          <reporter-output>
          </reporter-output>
        </test-method> <!-- runScenario -->
        <test-method signature="runScenario(io.cucumber.testng.PickleWrapper,io.cucumber.testng.FeatureWrapper)[pri:0, instance:testRunner.runnerTest@5bda8e08]" started-at="2023-05-17T15:03:01 IST" name="runScenario" description="Runs Cucumber Scenarios" data-provider="scenarios" finished-at="2023-05-17T15:03:26 IST" duration-ms="24665" status="PASS">
          <params>
            <param index="0">
              <value>
                <![CDATA["Login to MMT with valid credentials"]]>
              </value>
            </param>
            <param index="1">
              <value>
                <![CDATA["Login to MMT"]]>
              </value>
            </param>
          </params>
          <reporter-output>
          </reporter-output>
        </test-method> <!-- runScenario -->
        <test-method signature="runScenario(io.cucumber.testng.PickleWrapper,io.cucumber.testng.FeatureWrapper)[pri:0, instance:testRunner.runnerTest@5bda8e08]" started-at="2023-05-17T15:03:26 IST" name="runScenario" description="Runs Cucumber Scenarios" data-provider="scenarios" finished-at="2023-05-17T15:04:00 IST" duration-ms="34798" status="PASS">
          <params>
            <param index="0">
              <value>
                <![CDATA["Open and check MMT twitter and facebook"]]>
              </value>
            </param>
            <param index="1">
              <value>
                <![CDATA["Verify MMT Social Media Sites"]]>
              </value>
            </param>
          </params>
          <reporter-output>
          </reporter-output>
        </test-method> <!-- runScenario -->
        <test-method is-config="true" signature="tearDownClass()[pri:0, instance:testRunner.runnerTest@5bda8e08]" started-at="2023-05-17T15:04:00 IST" name="tearDownClass" finished-at="2023-05-17T15:04:01 IST" duration-ms="551" status="PASS">
          <reporter-output>
          </reporter-output>
        </test-method> <!-- tearDownClass -->
      </class> <!-- testRunner.runnerTest -->
    </test> <!-- Default test -->
  </suite> <!-- Default suite -->
</testng-results>
